<?xml version="1.0" encoding="UTF-8"?>
<!-- Generated by org.testng.reporters.JUnitXMLReporter -->
<testsuite ignored="0" hostname="DESKTOP-21MKNRK" failures="1" tests="1" name="Login Tests" time="0.24" errors="0" timestamp="2025-09-30T19:58:25 IST">
  <testcase classname="Test.baseTest" name="loginWithValidCredentialsTest" time="0.0">
    <failure type="java.lang.RuntimeException" message="java.lang.NullPointerException: Cannot invoke &amp;quot;org.apache.poi.ss.usermodel.Row.getCell(int)&amp;quot; because the return value of &amp;quot;org.apache.poi.ss.usermodel.Sheet.getRow(int)&amp;quot; is null">
      <![CDATA[java.lang.RuntimeException: java.lang.NullPointerException: Cannot invoke "org.apache.poi.ss.usermodel.Row.getCell(int)" because the return value of "org.apache.poi.ss.usermodel.Sheet.getRow(int)" is null
at java.base/java.util.ArrayList.forEach(ArrayList.java:1596)
Caused by: java.lang.NullPointerException: Cannot invoke "org.apache.poi.ss.usermodel.Row.getCell(int)" because the return value of "org.apache.poi.ss.usermodel.Sheet.getRow(int)" is null
at Utility.parameterization.getData(parameterization.java:19)
at Test.baseTest.loginData(baseTest.java:40)
... 25 more
... Removed 30 stack frames]]>
    </failure>
  </testcase> <!-- loginWithValidCredentialsTest -->
</testsuite> <!-- Login Tests -->
