<?xml version="1.0" encoding="UTF-8"?>
<testng-results ignored="0" total="1" passed="1" failed="0" skipped="0">
  <reporter-output>
  </reporter-output>
  <suite started-at="2025-03-25T18:34:22 IST" name="Default suite" finished-at="2025-03-25T18:34:28 IST" duration-ms="6539">
    <groups>
    </groups>
    <test started-at="2025-03-25T18:34:22 IST" name="Default test" finished-at="2025-03-25T18:34:28 IST" duration-ms="6539">
      <class name="Test.loginPageTest">
        <test-method is-config="true" signature="browserLaunch()[pri:0, instance:Test.loginPageTest@77f1baf5]" started-at="2025-03-25T18:34:22 IST" name="browserLaunch" finished-at="2025-03-25T18:34:25 IST" duration-ms="2993" status="PASS">
          <reporter-output>
          </reporter-output>
        </test-method> <!-- browserLaunch -->
        <test-method signature="loginWithValidCredentialsTest()[pri:0, instance:Test.loginPageTest@77f1baf5]" started-at="2025-03-25T18:34:25 IST" name="loginWithValidCredentialsTest" description="User Login with Valid Credentials" finished-at="2025-03-25T18:34:28 IST" duration-ms="3505" status="PASS">
          <reporter-output>
          </reporter-output>
        </test-method> <!-- loginWithValidCredentialsTest -->
      </class> <!-- Test.loginPageTest -->
    </test> <!-- Default test -->
  </suite> <!-- Default suite -->
</testng-results>
