<?xml version="1.0" encoding="UTF-8"?>
<testng-results ignored="0" total="1" passed="1" failed="0" skipped="0">
  <reporter-output>
  </reporter-output>
  <suite started-at="2025-06-03T17:08:04 IST" name="Default suite" finished-at="2025-06-03T17:08:11 IST" duration-ms="7284">
    <groups>
    </groups>
    <test started-at="2025-06-03T17:08:04 IST" name="Default test" finished-at="2025-06-03T17:08:11 IST" duration-ms="7284">
      <class name="Test.loginPageTest">
        <test-method is-config="true" signature="browserLaunch()[pri:0, instance:Test.loginPageTest@45752059]" started-at="2025-06-03T17:08:04 IST" name="browserLaunch" finished-at="2025-06-03T17:08:07 IST" duration-ms="3344" status="PASS">
          <reporter-output>
          </reporter-output>
        </test-method> <!-- browserLaunch -->
        <test-method signature="loginWithValidCredentialsTest()[pri:0, instance:Test.loginPageTest@45752059]" started-at="2025-06-03T17:08:07 IST" name="loginWithValidCredentialsTest" description="User Login with Valid Credentials" finished-at="2025-06-03T17:08:11 IST" duration-ms="3869" status="PASS">
          <reporter-output>
          </reporter-output>
        </test-method> <!-- loginWithValidCredentialsTest -->
      </class> <!-- Test.loginPageTest -->
    </test> <!-- Default test -->
  </suite> <!-- Default suite -->
</testng-results>
