<?xml version="1.0" encoding="UTF-8"?>
<!-- Generated by org.testng.reporters.JUnitReportReporter -->
<testsuite hostname="DESKTOP-21MKNRK" failures="0" tests="3" name="Test.groupPageTest" time="38.728" errors="0" timestamp="2026-03-04T19:24:29 IST" skipped="0">
  <testcase classname="Test.groupPageTest" name="loginWithValidCredentialsTest" time="26.589"/>
  <testcase classname="Test.groupPageTest" name="addSingleGroupTest" time="7.771"/>
  <testcase classname="Test.groupPageTest" name="deleteGroups" time="4.368"/>
</testsuite> <!-- Test.groupPageTest -->
